# JRE version: OpenJDK Runtime Environment (8.0_275-b01) (build 1.8.0_275-b01)
# Java VM: OpenJDK 64-Bit Server VM (25.275-b01 mixed mode bsd-amd64 compressed oops)
Heap:
 PSYoungGen      total 71680K, used 48553K [0x0000000795580000, 0x000000079e180000, 0x00000007c0000000)
  eden space 66560K, 72% used [0x0000000795580000,0x00000007984ea708,0x0000000799680000)
  from space 5120K, 0% used [0x0000000799680000,0x0000000799680000,0x0000000799b80000)
  to   space 5120K, 0% used [0x000000079dc80000,0x000000079dc80000,0x000000079e180000)
 ParOldGen       total 80384K, used 25805K [0x0000000740000000, 0x0000000744e80000, 0x0000000795580000)
  object space 80384K, 32% used [0x0000000740000000,0x00000007419335f8,0x0000000744e80000)
 Metaspace       used 25786K, capacity 26852K, committed 27136K, reserved 1073152K
  class space    used 3484K, capacity 3728K, committed 3840K, reserved 1048576K
GC Heap History (8 events):
Event: 5.391 GC heap before
{Heap before GC invocations=1 (full 0):
 PSYoungGen      total 38400K, used 33280K [0x0000000795580000, 0x0000000798000000, 0x00000007c0000000)
  eden space 33280K, 100% used [0x0000000795580000,0x0000000797600000,0x0000000797600000)
  from space 5120K, 0% used [0x0000000797b00000,0x0000000797b00000,0x0000000798000000)
  to   space 5120K, 0% used [0x0000000797600000,0x0000000797600000,0x0000000797b00000)
 ParOldGen       total 87552K, used 0K [0x0000000740000000, 0x0000000745580000, 0x0000000795580000)
  object space 87552K, 0% used [0x0000000740000000,0x0000000740000000,0x0000000745580000)
 Metaspace       used 10958K, capacity 11366K, committed 11648K, reserved 1058816K
  class space    used 1486K, capacity 1619K, committed 1664K, reserved 1048576K
Event: 5.484 GC heap after
Heap after GC invocations=1 (full 0):
 PSYoungGen      total 38400K, used 5117K [0x0000000795580000, 0x000000079a080000, 0x00000007c0000000)
  eden space 33280K, 0% used [0x0000000795580000,0x0000000795580000,0x0000000797600000)
  from space 5120K, 99% used [0x0000000797600000,0x0000000797aff5f0,0x0000000797b00000)
  to   space 5120K, 0% used [0x0000000799b80000,0x0000000799b80000,0x000000079a080000)
 ParOldGen       total 87552K, used 2252K [0x0000000740000000, 0x0000000745580000, 0x0000000795580000)
  object space 87552K, 2% used [0x0000000740000000,0x00000007402333c0,0x0000000745580000)
 Metaspace       used 10958K, capacity 11366K, committed 11648K, reserved 1058816K
  class space    used 1486K, capacity 1619K, committed 1664K, reserved 1048576K
}
Event: 8.248 GC heap before
{Heap before GC invocations=2 (full 0):
 PSYoungGen      total 38400K, used 38397K [0x0000000795580000, 0x000000079a080000, 0x00000007c0000000)
  eden space 33280K, 100% used [0x0000000795580000,0x0000000797600000,0x0000000797600000)
  from space 5120K, 99% used [0x0000000797600000,0x0000000797aff5f0,0x0000000797b00000)
  to   space 5120K, 0% used [0x0000000799b80000,0x0000000799b80000,0x000000079a080000)
 ParOldGen       total 87552K, used 2252K [0x0000000740000000, 0x0000000745580000, 0x0000000795580000)
  object space 87552K, 2% used [0x0000000740000000,0x00000007402333c0,0x0000000745580000)
 Metaspace       used 15008K, capacity 15668K, committed 15744K, reserved 1062912K
  class space    used 2220K, capacity 2378K, committed 2432K, reserved 1048576K
Event: 8.354 GC heap after
Heap after GC invocations=2 (full 0):
 PSYoungGen      total 71680K, used 5102K [0x0000000795580000, 0x000000079a080000, 0x00000007c0000000)
  eden space 66560K, 0% used [0x0000000795580000,0x0000000795580000,0x0000000799680000)
  from space 5120K, 99% used [0x0000000799b80000,0x000000079a07bb20,0x000000079a080000)
  to   space 5120K, 0% used [0x0000000799680000,0x0000000799680000,0x0000000799b80000)
 ParOldGen       total 87552K, used 19211K [0x0000000740000000, 0x0000000745580000, 0x0000000795580000)
  object space 87552K, 21% used [0x0000000740000000,0x00000007412c2e18,0x0000000745580000)
 Metaspace       used 15008K, capacity 15668K, committed 15744K, reserved 1062912K
  class space    used 2220K, capacity 2378K, committed 2432K, reserved 1048576K
}
Event: 31.589 GC heap before
{Heap before GC invocations=3 (full 0):
 PSYoungGen      total 71680K, used 40183K [0x0000000795580000, 0x000000079a080000, 0x00000007c0000000)
  eden space 66560K, 52% used [0x0000000795580000,0x00000007977c2358,0x0000000799680000)
  from space 5120K, 99% used [0x0000000799b80000,0x000000079a07bb20,0x000000079a080000)
  to   space 5120K, 0% used [0x0000000799680000,0x0000000799680000,0x0000000799b80000)
 ParOldGen       total 87552K, used 19211K [0x0000000740000000, 0x0000000745580000, 0x0000000795580000)
  object space 87552K, 21% used [0x0000000740000000,0x00000007412c2e18,0x0000000745580000)
 Metaspace       used 20220K, capacity 21184K, committed 21248K, reserved 1067008K
  class space    used 2763K, capacity 3020K, committed 3072K, reserved 1048576K
Event: 31.648 GC heap after
Heap after GC invocations=3 (full 0):
 PSYoungGen      total 71680K, used 5117K [0x0000000795580000, 0x000000079e180000, 0x00000007c0000000)
  eden space 66560K, 0% used [0x0000000795580000,0x0000000795580000,0x0000000799680000)
  from space 5120K, 99% used [0x0000000799680000,0x0000000799b7f518,0x0000000799b80000)
  to   space 5120K, 0% used [0x000000079dc80000,0x000000079dc80000,0x000000079e180000)
 ParOldGen       total 87552K, used 26455K [0x0000000740000000, 0x0000000745580000, 0x0000000795580000)
  object space 87552K, 30% used [0x0000000740000000,0x00000007419d5d60,0x0000000745580000)
 Metaspace       used 20220K, capacity 21184K, committed 21248K, reserved 1067008K
  class space    used 2763K, capacity 3020K, committed 3072K, reserved 1048576K
}
Event: 31.649 GC heap before
{Heap before GC invocations=4 (full 1):
 PSYoungGen      total 71680K, used 5117K [0x0000000795580000, 0x000000079e180000, 0x00000007c0000000)
  eden space 66560K, 0% used [0x0000000795580000,0x0000000795580000,0x0000000799680000)
  from space 5120K, 99% used [0x0000000799680000,0x0000000799b7f518,0x0000000799b80000)
  to   space 5120K, 0% used [0x000000079dc80000,0x000000079dc80000,0x000000079e180000)
 ParOldGen       total 87552K, used 26455K [0x0000000740000000, 0x0000000745580000, 0x0000000795580000)
  object space 87552K, 30% used [0x0000000740000000,0x00000007419d5d60,0x0000000745580000)
 Metaspace       used 20220K, capacity 21184K, committed 21248K, reserved 1067008K
  class space    used 2763K, capacity 3020K, committed 3072K, reserved 1048576K
Event: 31.707 GC heap after
Heap after GC invocations=4 (full 1):
 PSYoungGen      total 71680K, used 0K [0x0000000795580000, 0x000000079e180000, 0x00000007c0000000)
  eden space 66560K, 0% used [0x0000000795580000,0x0000000795580000,0x0000000799680000)
  from space 5120K, 0% used [0x0000000799680000,0x0000000799680000,0x0000000799b80000)
  to   space 5120K, 0% used [0x000000079dc80000,0x000000079dc80000,0x000000079e180000)
 ParOldGen       total 80384K, used 25805K [0x0000000740000000, 0x0000000744e80000, 0x0000000795580000)
  object space 80384K, 32% used [0x0000000740000000,0x00000007419335f8,0x0000000744e80000)
 Metaspace       used 20220K, capacity 21184K, committed 21248K, reserved 1067008K
  class space    used 2763K, capacity 3020K, committed 3072K, reserved 1048576K
}

